<?xml version="1.0" encoding="UTF-8"?>
<coverage generated="1657398635816" clover="3.2.0">
  <project timestamp="1657398635816" name="All files">
    <metrics statements="20" coveredstatements="16" conditionals="2" coveredconditionals="0" methods="6" coveredmethods="5" elements="28" coveredelements="21" complexity="0" loc="20" ncloc="20" packages="2" files="3" classes="3"/>
    <package name="components">
      <metrics statements="14" coveredstatements="10" conditionals="2" coveredconditionals="0" methods="4" coveredmethods="3"/>
      <file name="AddCategory.jsx" path="C:\Users\jose-1\Desktop\React\GifExpertApp\gif-expert-app\src\components\AddCategory.jsx">
        <metrics statements="11" coveredstatements="7" conditionals="2" coveredconditionals="0" methods="3" coveredmethods="2"/>
        <line num="3" count="1" type="stmt"/>
        <line num="4" count="2" type="stmt"/>
        <line num="6" count="2" type="stmt"/>
        <line num="7" count="1" type="stmt"/>
        <line num="10" count="2" type="stmt"/>
        <line num="11" count="0" type="stmt"/>
        <line num="12" count="0" type="cond" truecount="0" falsecount="2"/>
        <line num="14" count="0" type="stmt"/>
        <line num="15" count="0" type="stmt"/>
        <line num="18" count="2" type="stmt"/>
        <line num="31" count="1" type="stmt"/>
      </file>
      <file name="GifItem.jsx" path="C:\Users\jose-1\Desktop\React\GifExpertApp\gif-expert-app\src\components\GifItem.jsx">
        <metrics statements="3" coveredstatements="3" conditionals="0" coveredconditionals="0" methods="1" coveredmethods="1"/>
        <line num="3" count="1" type="stmt"/>
        <line num="5" count="3" type="stmt"/>
        <line num="13" count="1" type="stmt"/>
      </file>
    </package>
    <package name="helpers">
      <metrics statements="6" coveredstatements="6" conditionals="0" coveredconditionals="0" methods="2" coveredmethods="2"/>
      <file name="getGifs.js" path="C:\Users\jose-1\Desktop\React\GifExpertApp\gif-expert-app\src\helpers\getGifs.js">
        <metrics statements="6" coveredstatements="6" conditionals="0" coveredconditionals="0" methods="2" coveredmethods="2"/>
        <line num="1" count="1" type="stmt"/>
        <line num="2" count="1" type="stmt"/>
        <line num="3" count="1" type="stmt"/>
        <line num="4" count="1" type="stmt"/>
        <line num="5" count="10" type="stmt"/>
        <line num="10" count="1" type="stmt"/>
      </file>
    </package>
  </project>
</coverage>
