{"C:\\Users\\jose-1\\Desktop\\React\\GifExpertApp\\gif-expert-app\\src\\components\\AddCategory.jsx": {"path":"C:\\Users\\jose-1\\Desktop\\React\\GifExpertApp\\gif-expert-app\\src\\components\\AddCategory.jsx","statementMap":{"0":{"start":{"line":3,"column":27},"end":{"line":29,"column":1}},"1":{"start":{"line":4,"column":36},"end":{"line":4,"column":48}},"2":{"start":{"line":6,"column":22},"end":{"line":8,"column":1}},"3":{"start":{"line":7,"column":4},"end":{"line":7,"column":33}},"4":{"start":{"line":10,"column":17},"end":{"line":17,"column":1}},"5":{"start":{"line":11,"column":3},"end":{"line":11,"column":26}},"6":{"start":{"line":12,"column":3},"end":{"line":12,"column":44}},"7":{"start":{"line":12,"column":37},"end":{"line":12,"column":44}},"8":{"start":{"line":14,"column":2},"end":{"line":14,"column":36}},"9":{"start":{"line":15,"column":2},"end":{"line":15,"column":20}},"10":{"start":{"line":18,"column":2},"end":{"line":28,"column":3}},"11":{"start":{"line":31,"column":0},"end":{"line":33,"column":1}}},"fnMap":{"0":{"name":"(anonymous_0)","decl":{"start":{"line":3,"column":27},"end":{"line":3,"column":28}},"loc":{"start":{"line":3,"column":48},"end":{"line":29,"column":1}},"line":3},"1":{"name":"(anonymous_1)","decl":{"start":{"line":6,"column":22},"end":{"line":6,"column":23}},"loc":{"start":{"line":6,"column":35},"end":{"line":8,"column":1}},"line":6},"2":{"name":"(anonymous_2)","decl":{"start":{"line":10,"column":17},"end":{"line":10,"column":18}},"loc":{"start":{"line":10,"column":27},"end":{"line":17,"column":1}},"line":10}},"branchMap":{"0":{"loc":{"start":{"line":12,"column":3},"end":{"line":12,"column":44}},"type":"if","locations":[{"start":{"line":12,"column":3},"end":{"line":12,"column":44}},{"start":{},"end":{}}],"line":12}},"s":{"0":1,"1":2,"2":2,"3":1,"4":2,"5":0,"6":0,"7":0,"8":0,"9":0,"10":2,"11":1},"f":{"0":2,"1":1,"2":0},"b":{"0":[0,0]},"_coverageSchema":"1a1c01bbd47fc00a2c39e90264f33305004495a9","hash":"0a62cabce54865cab604d7dbbd3a5729d81c305a"}
,"C:\\Users\\jose-1\\Desktop\\React\\GifExpertApp\\gif-expert-app\\src\\components\\GifItem.jsx": {"path":"C:\\Users\\jose-1\\Desktop\\React\\GifExpertApp\\gif-expert-app\\src\\components\\GifItem.jsx","statementMap":{"0":{"start":{"line":3,"column":23},"end":{"line":11,"column":1}},"1":{"start":{"line":5,"column":2},"end":{"line":10,"column":3}},"2":{"start":{"line":13,"column":0},"end":{"line":16,"column":1}}},"fnMap":{"0":{"name":"(anonymous_0)","decl":{"start":{"line":3,"column":23},"end":{"line":3,"column":24}},"loc":{"start":{"line":3,"column":41},"end":{"line":11,"column":1}},"line":3}},"branchMap":{},"s":{"0":1,"1":3,"2":1},"f":{"0":3},"b":{},"_coverageSchema":"1a1c01bbd47fc00a2c39e90264f33305004495a9","hash":"211561994b7a7f6630f80db61997ce02952615b2"}
,"C:\\Users\\jose-1\\Desktop\\React\\GifExpertApp\\gif-expert-app\\src\\helpers\\getGifs.js": {"path":"C:\\Users\\jose-1\\Desktop\\React\\GifExpertApp\\gif-expert-app\\src\\helpers\\getGifs.js","statementMap":{"0":{"start":{"line":1,"column":23},"end":{"line":11,"column":3}},"1":{"start":{"line":2,"column":16},"end":{"line":2,"column":120}},"2":{"start":{"line":3,"column":18},"end":{"line":3,"column":35}},"3":{"start":{"line":4,"column":19},"end":{"line":4,"column":36}},"4":{"start":{"line":5,"column":17},"end":{"line":9,"column":7}},"5":{"start":{"line":5,"column":33},"end":{"line":9,"column":5}},"6":{"start":{"line":10,"column":4},"end":{"line":10,"column":16}}},"fnMap":{"0":{"name":"(anonymous_0)","decl":{"start":{"line":1,"column":23},"end":{"line":1,"column":24}},"loc":{"start":{"line":1,"column":41},"end":{"line":11,"column":3}},"line":1},"1":{"name":"(anonymous_1)","decl":{"start":{"line":5,"column":26},"end":{"line":5,"column":27}},"loc":{"start":{"line":5,"column":33},"end":{"line":9,"column":5}},"line":5}},"branchMap":{},"s":{"0":1,"1":1,"2":1,"3":1,"4":1,"5":10,"6":1},"f":{"0":1,"1":10},"b":{},"_coverageSchema":"1a1c01bbd47fc00a2c39e90264f33305004495a9","hash":"3bc3ff9b07464cfe60f4e898e1784349fb433785"}
}
