{"C:\\Users\\jose-1\\Desktop\\React\\GifExpertApp\\gif-expert-app\\src\\components\\AddCategory.jsx": {"path":"C:\\Users\\jose-1\\Desktop\\React\\GifExpertApp\\gif-expert-app\\src\\components\\AddCategory.jsx","statementMap":{"0":{"start":{"line":3,"column":27},"end":{"line":30,"column":1}},"1":{"start":{"line":4,"column":36},"end":{"line":4,"column":48}},"2":{"start":{"line":6,"column":22},"end":{"line":8,"column":1}},"3":{"start":{"line":7,"column":4},"end":{"line":7,"column":33}},"4":{"start":{"line":10,"column":17},"end":{"line":18,"column":1}},"5":{"start":{"line":11,"column":3},"end":{"line":11,"column":26}},"6":{"start":{"line":12,"column":3},"end":{"line":12,"column":44}},"7":{"start":{"line":12,"column":37},"end":{"line":12,"column":44}},"8":{"start":{"line":15,"column":2},"end":{"line":15,"column":20}},"9":{"start":{"line":16,"column":2},"end":{"line":16,"column":36}},"10":{"start":{"line":19,"column":2},"end":{"line":29,"column":3}},"11":{"start":{"line":32,"column":0},"end":{"line":34,"column":1}}},"fnMap":{"0":{"name":"(anonymous_0)","decl":{"start":{"line":3,"column":27},"end":{"line":3,"column":28}},"loc":{"start":{"line":3,"column":48},"end":{"line":30,"column":1}},"line":3},"1":{"name":"(anonymous_1)","decl":{"start":{"line":6,"column":22},"end":{"line":6,"column":23}},"loc":{"start":{"line":6,"column":35},"end":{"line":8,"column":1}},"line":6},"2":{"name":"(anonymous_2)","decl":{"start":{"line":10,"column":17},"end":{"line":10,"column":18}},"loc":{"start":{"line":10,"column":27},"end":{"line":18,"column":1}},"line":10}},"branchMap":{"0":{"loc":{"start":{"line":12,"column":3},"end":{"line":12,"column":44}},"type":"if","locations":[{"start":{"line":12,"column":3},"end":{"line":12,"column":44}},{"start":{},"end":{}}],"line":12}},"s":{"0":1,"1":6,"2":6,"3":2,"4":6,"5":2,"6":2,"7":1,"8":1,"9":1,"10":6,"11":1},"f":{"0":6,"1":2,"2":2},"b":{"0":[1,1]},"_coverageSchema":"1a1c01bbd47fc00a2c39e90264f33305004495a9","hash":"aa144d2cd3aa1c6f085953fb110a8901877e4bde"}
,"C:\\Users\\jose-1\\Desktop\\React\\GifExpertApp\\gif-expert-app\\src\\components\\GifGrid.jsx": {"path":"C:\\Users\\jose-1\\Desktop\\React\\GifExpertApp\\gif-expert-app\\src\\components\\GifGrid.jsx","statementMap":{"0":{"start":{"line":5,"column":23},"end":{"line":26,"column":1}},"1":{"start":{"line":6,"column":27},"end":{"line":6,"column":50}},"2":{"start":{"line":8,"column":2},"end":{"line":25,"column":3}},"3":{"start":{"line":17,"column":14},"end":{"line":20,"column":16}},"4":{"start":{"line":28,"column":0},"end":{"line":30,"column":1}}},"fnMap":{"0":{"name":"(anonymous_0)","decl":{"start":{"line":5,"column":23},"end":{"line":5,"column":24}},"loc":{"start":{"line":5,"column":39},"end":{"line":26,"column":1}},"line":5},"1":{"name":"(anonymous_1)","decl":{"start":{"line":16,"column":23},"end":{"line":16,"column":24}},"loc":{"start":{"line":17,"column":14},"end":{"line":20,"column":16}},"line":17}},"branchMap":{"0":{"loc":{"start":{"line":12,"column":10},"end":{"line":12,"column":53}},"type":"binary-expr","locations":[{"start":{"line":12,"column":10},"end":{"line":12,"column":19}},{"start":{"line":12,"column":24},"end":{"line":12,"column":52}}],"line":12}},"s":{"0":1,"1":2,"2":2,"3":2,"4":1},"f":{"0":2,"1":2},"b":{"0":[2,1]},"_coverageSchema":"1a1c01bbd47fc00a2c39e90264f33305004495a9","hash":"8e171228eef9480c34d62e665a19640b3b39058e"}
,"C:\\Users\\jose-1\\Desktop\\React\\GifExpertApp\\gif-expert-app\\src\\components\\GifItem.jsx": {"path":"C:\\Users\\jose-1\\Desktop\\React\\GifExpertApp\\gif-expert-app\\src\\components\\GifItem.jsx","statementMap":{"0":{"start":{"line":3,"column":23},"end":{"line":11,"column":1}},"1":{"start":{"line":5,"column":2},"end":{"line":10,"column":3}},"2":{"start":{"line":13,"column":0},"end":{"line":16,"column":1}}},"fnMap":{"0":{"name":"(anonymous_0)","decl":{"start":{"line":3,"column":23},"end":{"line":3,"column":24}},"loc":{"start":{"line":3,"column":41},"end":{"line":11,"column":1}},"line":3}},"branchMap":{},"s":{"0":2,"1":5,"2":2},"f":{"0":5},"b":{},"_coverageSchema":"1a1c01bbd47fc00a2c39e90264f33305004495a9","hash":"211561994b7a7f6630f80db61997ce02952615b2"}
,"C:\\Users\\jose-1\\Desktop\\React\\GifExpertApp\\gif-expert-app\\src\\helpers\\getGifs.js": {"path":"C:\\Users\\jose-1\\Desktop\\React\\GifExpertApp\\gif-expert-app\\src\\helpers\\getGifs.js","statementMap":{"0":{"start":{"line":1,"column":23},"end":{"line":11,"column":3}},"1":{"start":{"line":2,"column":16},"end":{"line":2,"column":120}},"2":{"start":{"line":3,"column":18},"end":{"line":3,"column":35}},"3":{"start":{"line":4,"column":19},"end":{"line":4,"column":36}},"4":{"start":{"line":5,"column":17},"end":{"line":9,"column":7}},"5":{"start":{"line":5,"column":33},"end":{"line":9,"column":5}},"6":{"start":{"line":10,"column":4},"end":{"line":10,"column":16}}},"fnMap":{"0":{"name":"(anonymous_0)","decl":{"start":{"line":1,"column":23},"end":{"line":1,"column":24}},"loc":{"start":{"line":1,"column":41},"end":{"line":11,"column":3}},"line":1},"1":{"name":"(anonymous_1)","decl":{"start":{"line":5,"column":26},"end":{"line":5,"column":27}},"loc":{"start":{"line":5,"column":33},"end":{"line":9,"column":5}},"line":5}},"branchMap":{},"s":{"0":3,"1":3,"2":3,"3":3,"4":3,"5":30,"6":3},"f":{"0":3,"1":30},"b":{},"_coverageSchema":"1a1c01bbd47fc00a2c39e90264f33305004495a9","hash":"3bc3ff9b07464cfe60f4e898e1784349fb433785"}
,"C:\\Users\\jose-1\\Desktop\\React\\GifExpertApp\\gif-expert-app\\src\\hooks\\useFetchGifs.js": {"path":"C:\\Users\\jose-1\\Desktop\\React\\GifExpertApp\\gif-expert-app\\src\\hooks\\useFetchGifs.js","statementMap":{"0":{"start":{"line":4,"column":28},"end":{"line":19,"column":1}},"1":{"start":{"line":5,"column":31},"end":{"line":5,"column":43}},"2":{"start":{"line":6,"column":34},"end":{"line":6,"column":48}},"3":{"start":{"line":7,"column":20},"end":{"line":11,"column":3}},"4":{"start":{"line":8,"column":21},"end":{"line":8,"column":44}},"5":{"start":{"line":9,"column":4},"end":{"line":9,"column":24}},"6":{"start":{"line":10,"column":4},"end":{"line":10,"column":24}},"7":{"start":{"line":12,"column":0},"end":{"line":14,"column":8}},"8":{"start":{"line":13,"column":2},"end":{"line":13,"column":14}},"9":{"start":{"line":15,"column":2},"end":{"line":18,"column":3}}},"fnMap":{"0":{"name":"(anonymous_0)","decl":{"start":{"line":4,"column":28},"end":{"line":4,"column":29}},"loc":{"start":{"line":4,"column":42},"end":{"line":19,"column":1}},"line":4},"1":{"name":"(anonymous_1)","decl":{"start":{"line":7,"column":20},"end":{"line":7,"column":21}},"loc":{"start":{"line":7,"column":31},"end":{"line":11,"column":3}},"line":7},"2":{"name":"(anonymous_2)","decl":{"start":{"line":12,"column":10},"end":{"line":12,"column":11}},"loc":{"start":{"line":12,"column":15},"end":{"line":14,"column":1}},"line":12}},"branchMap":{},"s":{"0":2,"1":3,"2":3,"3":3,"4":2,"5":2,"6":2,"7":3,"8":2,"9":3},"f":{"0":3,"1":2,"2":2},"b":{},"_coverageSchema":"1a1c01bbd47fc00a2c39e90264f33305004495a9","hash":"a9a901a8c973bc99ef3b719825a73e2f399842b8"}
}
